<?xml version="1.0" encoding="UTF-8"?>
<!-- Generated by org.testng.reporters.JUnitReportReporter -->
<testsuite hostname="Murali-PC" failures="0" tests="2" name="testCases.TCC_001_LoginPageTestCase" time="8.619" errors="0" timestamp="2024-11-07T00:00:18 IST" skipped="0">
  <testcase classname="testCases.TCC_001_LoginPageTestCase" name="SetUp" time="5.873"/>
  <system-out/>
  <testcase classname="testCases.TCC_001_LoginPageTestCase" name="login" time="2.746"/>
  <system-out/>
</testsuite> <!-- testCases.TCC_001_LoginPageTestCase -->
