<?xml version="1.0" encoding="UTF-8"?>
<!-- Generated by org.testng.reporters.JUnitReportReporter -->
<testsuite hostname="Murali-PC" failures="0" tests="1" name="testCases.LoginPageTestCase" time="1.501" errors="0" timestamp="2024-10-27T09:54:42 IST" skipped="0">
  <testcase classname="testCases.LoginPageTestCase" name="login" time="1.501"/>
  <system-out/>
</testsuite> <!-- testCases.LoginPageTestCase -->
